#
# A fatal error has been detected by the Java Runtime Environment:
#
#  EXCEPTION_ACCESS_VIOLATION (0xc0000005) at pc=0x00007fff32e1b730, pid=8636, tid=1200
#
# JRE version: OpenJDK Runtime Environment (12.0.2+10) (build 12.0.2+10)
# Java VM: OpenJDK 64-Bit Server VM (12.0.2+10, mixed mode, sharing, tiered, compressed oops, g1 gc, windows-amd64)
# Problematic frame:
# V  [jvm.dll+0x25b730]
#
# No core dump will be written. Minidumps are not enabled by default on client versions of Windows
#
# If you would like to submit a bug report, please visit:
#   http://bugreport.java.com/bugreport/crash.jsp
#

---------------  S U M M A R Y ------------

Command Line: -agentlib:jdwp=transport=dt_socket,suspend=y,address=localhost:18873 -javaagent:C:\Users\James\eclipse\java-latest-released\eclipse\configuration\org.eclipse.osgi\616\0\.cp\lib\javaagent-shaded.jar -Dfile.encoding=Cp1252 Poll

Host: Intel(R) Core(TM) i5-4690K CPU @ 3.50GHz, 4 cores, 15G,  Windows 10 , 64 bit Build 17134 (10.0.17134.753)
Time: Sat Sep 21 16:30:10 2019 Eastern Daylight Time elapsed time: 1432 seconds (0d 0h 23m 52s)

---------------  T H R E A D  ---------------

Current thread (0x0000025630c27800):  JavaThread "main" [_thread_in_vm, id=1200, stack(0x0000008ec7700000,0x0000008ec7800000)]

Stack: [0x0000008ec7700000,0x0000008ec7800000],  sp=0x0000008ec77fecb0,  free space=1019k
Native frames: (J=compiled Java code, j=interpreted, Vv=VM code, C=native code)
V  [jvm.dll+0x25b730]
V  [jvm.dll+0x25bae2]
V  [jvm.dll+0x5354f3]
V  [jvm.dll+0x5377e4]
V  [jvm.dll+0x397e2a]
V  [jvm.dll+0x397926]
C  0x000002563a858d74

Java frames: (J=compiled Java code, j=interpreted, Vv=VM code)
j  Poll.main([Ljava/lang/String;)V+103
v  ~StubRoutines::call_stub

siginfo: EXCEPTION_ACCESS_VIOLATION (0xc0000005), reading address 0x000002565614c480


Register to memory mapping:

RIP=0x00007fff32e1b730 jvm.dll
RAX=0x0000008ec77fed50 is pointing into the stack for thread: 0x0000025630c27800
RBX=0x0000000000408070 is an unknown value
RCX=0x000002565610c0c0 is pointing into metadata
RDX=0x0000000000008070 is an unknown value
RSP=0x0000008ec77fecb0 is pointing into the stack for thread: 0x0000025630c27800
RBP=0x0000025630c27800 is a thread
RSI=0x0000008ec77fed50 is pointing into the stack for thread: 0x0000025630c27800
RDI=0x000002565610c0c0 is pointing into metadata
R8 =0x000002565610c001 is pointing into metadata
R9 =0x0000025630c27800 is a thread
R10=0x000002563a830000 points into unknown readable memory: 04 00 00 00 00 00 00 00
R11={method} {0x000002565610c710} 'main' '([Ljava/lang/String;)V' in 'Poll'
R12=0x0 is NULL
R13=0x0000000000008070 is an unknown value
R14=0x0 is NULL
R15=0x0000008ec77feed8 is pointing into the stack for thread: 0x0000025630c27800


Registers:
RAX=0x0000008ec77fed50, RBX=0x0000000000408070, RCX=0x000002565610c0c0, RDX=0x0000000000008070
RSP=0x0000008ec77fecb0, RBP=0x0000025630c27800, RSI=0x0000008ec77fed50, RDI=0x000002565610c0c0
R8 =0x000002565610c001, R9 =0x0000025630c27800, R10=0x000002563a830000, R11=0x000002565610c708
R12=0x0000000000000000, R13=0x0000000000008070, R14=0x0000000000000000, R15=0x0000008ec77feed8
RIP=0x00007fff32e1b730, EFLAGS=0x0000000000010202

Top of Stack: (sp=0x0000008ec77fecb0)
0x0000008ec77fecb0:   0000025630c27b30 0000025656881fe0
0x0000008ec77fecc0:   0000025630c27800 00007fff32cc9ace
0x0000008ec77fecd0:   0000008ec77fed20 0000008ec77fee00
0x0000008ec77fece0:   0000025630c27800 00007fff80692c60
0x0000008ec77fecf0:   0000025630c27800 00007fff330c6e89
0x0000008ec77fed00:   000002565610c501 0000000000000000
0x0000008ec77fed10:   0000025630c27800 0000000000001507
0x0000008ec77fed20:   0000000000408070 00007fff32e1bae2
0x0000008ec77fed30:   0000000000408070 0000025600008070
0x0000008ec77fed40:   0000000000001501 00007fff33073493
0x0000008ec77fed50:   000002565610c0c0 0000025630c27800
0x0000008ec77fed60:   0000008ec77fede0 00007fff330f54f3
0x0000008ec77fed70:   0000025630c27800 0000008ec77feec8
0x0000008ec77fed80:   0000000000000002 00007fff806825e4
0x0000008ec77fed90:   00000000000000b2 0000000000000000
0x0000008ec77feda0:   0000008ec77fee80 00007fff330f77e4 

Instructions: (pc=0x00007fff32e1b730)
0x00007fff32e1b630:   18 4c 89 38 4c 8b cd 4c 8b c3 48 8b d0 49 8b cd
0x00007fff32e1b640:   e8 4b 80 4b 00 4c 8b 7c 24 20 48 8b d8 4c 8b 6c
0x00007fff32e1b650:   24 28 48 8b 7c 24 38 48 8b 6c 24 48 48 85 c0 0f
0x00007fff32e1b660:   84 8b 00 00 00 48 8d 54 24 60 48 89 74 24 60 48
0x00007fff32e1b670:   8d 4c 24 70 e8 37 4c 08 00 8b 4b 08 81 c1 00 00
0x00007fff32e1b680:   00 40 81 f9 00 00 00 40 76 17 49 8b 0e 41 b0 01
0x00007fff32e1b690:   4c 8b 4c 24 60 48 8b d3 48 8b 49 18 e8 ef a4 2d
0x00007fff32e1b6a0:   00 48 8b 4c 24 60 48 39 71 08 74 23 e8 ff 54 08
0x00007fff32e1b6b0:   00 48 8d 4c 24 70 e8 75 4c 08 00 48 8b 5c 24 68
0x00007fff32e1b6c0:   48 8b c6 48 8b 74 24 40 48 83 c4 50 41 5e c3 48
0x00007fff32e1b6d0:   8d 4c 24 70 48 8b f3 e8 54 4c 08 00 48 8b 74 24
0x00007fff32e1b6e0:   40 48 8b c3 48 8b 5c 24 68 48 83 c4 50 41 5e c3
0x00007fff32e1b6f0:   48 8b 5c 24 68 48 8b 74 24 40 48 83 c4 50 41 5e
0x00007fff32e1b700:   c3 cc cc cc cc cc cc cc cc cc cc cc cc cc cc cc
0x00007fff32e1b710:   44 88 44 24 18 89 54 24 10 53 55 56 41 54 41 55
0x00007fff32e1b720:   48 83 ec 50 48 8b f1 4c 63 ea 48 8b 09 49 8b e9
0x00007fff32e1b730:   46 8b 54 e9 40 41 8b c2 45 0f b7 d2 c1 f8 10 4e
0x00007fff32e1b740:   8d 24 d5 00 00 00 00 0f b7 d8 48 8b 41 28 4a 8b
0x00007fff32e1b750:   44 20 08 48 85 c0 0f 85 22 02 00 00 48 8b 41 08
0x00007fff32e1b760:   42 0f b6 44 28 04 3c 67 75 36 4d 8b c1 48 8b ce
0x00007fff32e1b770:   e8 ab 2c 00 00 48 83 7d 08 00 74 0e 33 c0 48 83
0x00007fff32e1b780:   c4 50 41 5d 41 5c 5e 5d 5b c3 ba dc 01 00 00 48
0x00007fff32e1b790:   8d 0d 42 f7 62 00 e8 65 6a 00 00 e8 90 e8 3d 00
0x00007fff32e1b7a0:   48 8b 0e 48 89 bc 24 98 00 00 00 4c 89 74 24 48
0x00007fff32e1b7b0:   4c 89 7c 24 40 48 8b 44 d9 40 48 8b 49 18 48 89
0x00007fff32e1b7c0:   84 24 80 00 00 00 e8 f5 d0 2b 00 33 db 4c 8b f8
0x00007fff32e1b7d0:   48 85 c0 75 04 8b fb eb 4e 4c 8b b5 70 02 00 00
0x00007fff32e1b7e0:   49 8b 7e 18 48 83 ff f7 76 18 4c 8d 05 4f 9e 5f
0x00007fff32e1b7f0:   00 ba 08 00 00 00 49 8b ce e8 92 a4 e6 ff 49 8b
0x00007fff32e1b800:   7e 18 48 8d 47 08 49 3b 46 20 76 14 45 33 c0 49
0x00007fff32e1b810:   8b ce 41 8d 50 08 e8 a5 a1 e6 ff 48 8b f8 eb 04
0x00007fff32e1b820:   49 89 46 18 4c 89 3f 48 8b 06 48 8b 48 18 48 8b 


Stack slot to memory mapping:
stack at sp + 0 slots: 0x0000025630c27b30 points into unknown readable memory: f0 3c 5d 33 ff 7f 00 00
stack at sp + 1 slots: 0x0000025656881fe0 points into unknown readable memory: 20 ad 60 56 56 02 00 00
stack at sp + 2 slots: 0x0000025630c27800 is a thread
stack at sp + 3 slots: 0x00007fff32cc9ace jvm.dll
stack at sp + 4 slots: 0x0000008ec77fed20 is pointing into the stack for thread: 0x0000025630c27800
stack at sp + 5 slots: 0x0000008ec77fee00 is pointing into the stack for thread: 0x0000025630c27800
stack at sp + 6 slots: 0x0000025630c27800 is a thread
stack at sp + 7 slots: 0x00007fff80692c60 jdwp.dll


---------------  P R O C E S S  ---------------

Threads class SMR info:
_java_thread_list=0x0000025656878860, length=11, elements={
0x0000025630c27800, 0x0000025655c8b800, 0x0000025655c8d000, 0x0000025655ca7000,
0x0000025655ca8800, 0x0000025655ca9800, 0x0000025655cb1800, 0x000002565654a000,
0x0000025656672800, 0x0000025656763000, 0x0000025656671800
}

Java Threads: ( => current thread )
=>0x0000025630c27800 JavaThread "main" [_thread_in_vm, id=1200, stack(0x0000008ec7700000,0x0000008ec7800000)]
  0x0000025655c8b800 JavaThread "Reference Handler" daemon [_thread_blocked, id=16356, stack(0x0000008ec7e00000,0x0000008ec7f00000)]
  0x0000025655c8d000 JavaThread "Finalizer" daemon [_thread_blocked, id=20660, stack(0x0000008ec7f00000,0x0000008ec8000000)]
  0x0000025655ca7000 JavaThread "Signal Dispatcher" daemon [_thread_blocked, id=26092, stack(0x0000008ec8000000,0x0000008ec8100000)]
  0x0000025655ca8800 JavaThread "Attach Listener" daemon [_thread_blocked, id=17868, stack(0x0000008ec8100000,0x0000008ec8200000)]
  0x0000025655ca9800 JavaThread "C2 CompilerThread0" daemon [_thread_blocked, id=27708, stack(0x0000008ec8200000,0x0000008ec8300000)]
  0x0000025655cb1800 JavaThread "C1 CompilerThread0" daemon [_thread_blocked, id=16864, stack(0x0000008ec8300000,0x0000008ec8400000)]
  0x000002565654a000 JavaThread "Sweeper thread" daemon [_thread_blocked, id=23808, stack(0x0000008ec8400000,0x0000008ec8500000)]
  0x0000025656672800 JavaThread "Common-Cleaner" daemon [_thread_blocked, id=5200, stack(0x0000008ec8500000,0x0000008ec8600000)]
  0x0000025656763000 JavaThread "JDWP Event Helper Thread" daemon [_thread_blocked, id=5560, stack(0x0000008ec8700000,0x0000008ec8800000)]
  0x0000025656671800 JavaThread "Service Thread" daemon [_thread_blocked, id=4528, stack(0x0000008ec8900000,0x0000008ec8a00000)]

Other Threads:
  0x0000025655c87000 VMThread "VM Thread" [stack: 0x0000008ec7d00000,0x0000008ec7e00000] [id=3052]
  0x0000025656cfa800 WatcherThread [stack: 0x0000008ec8a00000,0x0000008ec8b00000] [id=27428]
  0x0000025630c8d000 GCTaskThread "GC Thread#0" [stack: 0x0000008ec7800000,0x0000008ec7900000] [id=16748]
  0x0000025630ca7800 ConcurrentGCThread "G1 Main Marker" [stack: 0x0000008ec7900000,0x0000008ec7a00000] [id=25860]
  0x0000025630caa800 ConcurrentGCThread "G1 Conc#0" [stack: 0x0000008ec7a00000,0x0000008ec7b00000] [id=9812]
  0x0000025655b82800 ConcurrentGCThread "G1 Refine#0" [stack: 0x0000008ec7b00000,0x0000008ec7c00000] [id=26756]
  0x0000025655b83800 ConcurrentGCThread "G1 Young RemSet Sampling" [stack: 0x0000008ec7c00000,0x0000008ec7d00000] [id=4888]

Threads with active compile tasks:

VM state:not at safepoint (normal execution)

VM Mutex/Monitor currently owned by a thread: None

Heap address: 0x0000000700e00000, size: 4082 MB, Compressed Oops mode: Zero based, Oop shift amount: 3
Narrow klass base: 0x0000000800000000, Narrow klass shift: 3
Compressed class space size: 1073741824 Address: 0x0000000801180000

Heap:
 garbage-first heap   total 262144K, used 5120K [0x0000000700e00000, 0x0000000800000000)
  region size 1024K, 6 young (6144K), 0 survivors (0K)
 Metaspace       used 2918K, capacity 5014K, committed 5120K, reserved 1056768K
  class space    used 276K, capacity 457K, committed 512K, reserved 1048576K
Heap Regions: E=young(eden), S=young(survivor), O=old, HS=humongous(starts), HC=humongous(continues), CS=collection set, F=free, A=archive, TAMS=top-at-mark-start (previous, next)
|   0|0x0000000700e00000, 0x0000000700e00000, 0x0000000700f00000|  0%| F|  |TAMS 0x0000000700e00000, 0x0000000700e00000| Untracked 
|   1|0x0000000700f00000, 0x0000000700f00000, 0x0000000701000000|  0%| F|  |TAMS 0x0000000700f00000, 0x0000000700f00000| Untracked 
|   2|0x0000000701000000, 0x0000000701000000, 0x0000000701100000|  0%| F|  |TAMS 0x0000000701000000, 0x0000000701000000| Untracked 
|   3|0x0000000701100000, 0x0000000701100000, 0x0000000701200000|  0%| F|  |TAMS 0x0000000701100000, 0x0000000701100000| Untracked 
|   4|0x0000000701200000, 0x0000000701200000, 0x0000000701300000|  0%| F|  |TAMS 0x0000000701200000, 0x0000000701200000| Untracked 
|   5|0x0000000701300000, 0x0000000701300000, 0x0000000701400000|  0%| F|  |TAMS 0x0000000701300000, 0x0000000701300000| Untracked 
|   6|0x0000000701400000, 0x0000000701400000, 0x0000000701500000|  0%| F|  |TAMS 0x0000000701400000, 0x0000000701400000| Untracked 
|   7|0x0000000701500000, 0x0000000701500000, 0x0000000701600000|  0%| F|  |TAMS 0x0000000701500000, 0x0000000701500000| Untracked 
|   8|0x0000000701600000, 0x0000000701600000, 0x0000000701700000|  0%| F|  |TAMS 0x0000000701600000, 0x0000000701600000| Untracked 
|   9|0x0000000701700000, 0x0000000701700000, 0x0000000701800000|  0%| F|  |TAMS 0x0000000701700000, 0x0000000701700000| Untracked 
|  10|0x0000000701800000, 0x0000000701800000, 0x0000000701900000|  0%| F|  |TAMS 0x0000000701800000, 0x0000000701800000| Untracked 
|  11|0x0000000701900000, 0x0000000701900000, 0x0000000701a00000|  0%| F|  |TAMS 0x0000000701900000, 0x0000000701900000| Untracked 
|  12|0x0000000701a00000, 0x0000000701a00000, 0x0000000701b00000|  0%| F|  |TAMS 0x0000000701a00000, 0x0000000701a00000| Untracked 
|  13|0x0000000701b00000, 0x0000000701b00000, 0x0000000701c00000|  0%| F|  |TAMS 0x0000000701b00000, 0x0000000701b00000| Untracked 
|  14|0x0000000701c00000, 0x0000000701c00000, 0x0000000701d00000|  0%| F|  |TAMS 0x0000000701c00000, 0x0000000701c00000| Untracked 
|  15|0x0000000701d00000, 0x0000000701d00000, 0x0000000701e00000|  0%| F|  |TAMS 0x0000000701d00000, 0x0000000701d00000| Untracked 
|  16|0x0000000701e00000, 0x0000000701e00000, 0x0000000701f00000|  0%| F|  |TAMS 0x0000000701e00000, 0x0000000701e00000| Untracked 
|  17|0x0000000701f00000, 0x0000000701f00000, 0x0000000702000000|  0%| F|  |TAMS 0x0000000701f00000, 0x0000000701f00000| Untracked 
|  18|0x0000000702000000, 0x0000000702000000, 0x0000000702100000|  0%| F|  |TAMS 0x0000000702000000, 0x0000000702000000| Untracked 
|  19|0x0000000702100000, 0x0000000702100000, 0x0000000702200000|  0%| F|  |TAMS 0x0000000702100000, 0x0000000702100000| Untracked 
|  20|0x0000000702200000, 0x0000000702200000, 0x0000000702300000|  0%| F|  |TAMS 0x0000000702200000, 0x0000000702200000| Untracked 
|  21|0x0000000702300000, 0x0000000702300000, 0x0000000702400000|  0%| F|  |TAMS 0x0000000702300000, 0x0000000702300000| Untracked 
|  22|0x0000000702400000, 0x0000000702400000, 0x0000000702500000|  0%| F|  |TAMS 0x0000000702400000, 0x0000000702400000| Untracked 
|  23|0x0000000702500000, 0x0000000702500000, 0x0000000702600000|  0%| F|  |TAMS 0x0000000702500000, 0x0000000702500000| Untracked 
|  24|0x0000000702600000, 0x0000000702600000, 0x0000000702700000|  0%| F|  |TAMS 0x0000000702600000, 0x0000000702600000| Untracked 
|  25|0x0000000702700000, 0x0000000702700000, 0x0000000702800000|  0%| F|  |TAMS 0x0000000702700000, 0x0000000702700000| Untracked 
|  26|0x0000000702800000, 0x0000000702800000, 0x0000000702900000|  0%| F|  |TAMS 0x0000000702800000, 0x0000000702800000| Untracked 
|  27|0x0000000702900000, 0x0000000702900000, 0x0000000702a00000|  0%| F|  |TAMS 0x0000000702900000, 0x0000000702900000| Untracked 
|  28|0x0000000702a00000, 0x0000000702a00000, 0x0000000702b00000|  0%| F|  |TAMS 0x0000000702a00000, 0x0000000702a00000| Untracked 
|  29|0x0000000702b00000, 0x0000000702b00000, 0x0000000702c00000|  0%| F|  |TAMS 0x0000000702b00000, 0x0000000702b00000| Untracked 
|  30|0x0000000702c00000, 0x0000000702c00000, 0x0000000702d00000|  0%| F|  |TAMS 0x0000000702c00000, 0x0000000702c00000| Untracked 
|  31|0x0000000702d00000, 0x0000000702d00000, 0x0000000702e00000|  0%| F|  |TAMS 0x0000000702d00000, 0x0000000702d00000| Untracked 
|  32|0x0000000702e00000, 0x0000000702e00000, 0x0000000702f00000|  0%| F|  |TAMS 0x0000000702e00000, 0x0000000702e00000| Untracked 
|  33|0x0000000702f00000, 0x0000000702f00000, 0x0000000703000000|  0%| F|  |TAMS 0x0000000702f00000, 0x0000000702f00000| Untracked 
|  34|0x0000000703000000, 0x0000000703000000, 0x0000000703100000|  0%| F|  |TAMS 0x0000000703000000, 0x0000000703000000| Untracked 
|  35|0x0000000703100000, 0x0000000703100000, 0x0000000703200000|  0%| F|  |TAMS 0x0000000703100000, 0x0000000703100000| Untracked 
|  36|0x0000000703200000, 0x0000000703200000, 0x0000000703300000|  0%| F|  |TAMS 0x0000000703200000, 0x0000000703200000| Untracked 
|  37|0x0000000703300000, 0x0000000703300000, 0x0000000703400000|  0%| F|  |TAMS 0x0000000703300000, 0x0000000703300000| Untracked 
|  38|0x0000000703400000, 0x0000000703400000, 0x0000000703500000|  0%| F|  |TAMS 0x0000000703400000, 0x0000000703400000| Untracked 
|  39|0x0000000703500000, 0x0000000703500000, 0x0000000703600000|  0%| F|  |TAMS 0x0000000703500000, 0x0000000703500000| Untracked 
|  40|0x0000000703600000, 0x0000000703600000, 0x0000000703700000|  0%| F|  |TAMS 0x0000000703600000, 0x0000000703600000| Untracked 
|  41|0x0000000703700000, 0x0000000703700000, 0x0000000703800000|  0%| F|  |TAMS 0x0000000703700000, 0x0000000703700000| Untracked 
|  42|0x0000000703800000, 0x0000000703800000, 0x0000000703900000|  0%| F|  |TAMS 0x0000000703800000, 0x0000000703800000| Untracked 
|  43|0x0000000703900000, 0x0000000703900000, 0x0000000703a00000|  0%| F|  |TAMS 0x0000000703900000, 0x0000000703900000| Untracked 
|  44|0x0000000703a00000, 0x0000000703a00000, 0x0000000703b00000|  0%| F|  |TAMS 0x0000000703a00000, 0x0000000703a00000| Untracked 
|  45|0x0000000703b00000, 0x0000000703b00000, 0x0000000703c00000|  0%| F|  |TAMS 0x0000000703b00000, 0x0000000703b00000| Untracked 
|  46|0x0000000703c00000, 0x0000000703c00000, 0x0000000703d00000|  0%| F|  |TAMS 0x0000000703c00000, 0x0000000703c00000| Untracked 
|  47|0x0000000703d00000, 0x0000000703d00000, 0x0000000703e00000|  0%| F|  |TAMS 0x0000000703d00000, 0x0000000703d00000| Untracked 
|  48|0x0000000703e00000, 0x0000000703e00000, 0x0000000703f00000|  0%| F|  |TAMS 0x0000000703e00000, 0x0000000703e00000| Untracked 
|  49|0x0000000703f00000, 0x0000000703f00000, 0x0000000704000000|  0%| F|  |TAMS 0x0000000703f00000, 0x0000000703f00000| Untracked 
|  50|0x0000000704000000, 0x0000000704000000, 0x0000000704100000|  0%| F|  |TAMS 0x0000000704000000, 0x0000000704000000| Untracked 
|  51|0x0000000704100000, 0x0000000704100000, 0x0000000704200000|  0%| F|  |TAMS 0x0000000704100000, 0x0000000704100000| Untracked 
|  52|0x0000000704200000, 0x0000000704200000, 0x0000000704300000|  0%| F|  |TAMS 0x0000000704200000, 0x0000000704200000| Untracked 
|  53|0x0000000704300000, 0x0000000704300000, 0x0000000704400000|  0%| F|  |TAMS 0x0000000704300000, 0x0000000704300000| Untracked 
|  54|0x0000000704400000, 0x0000000704400000, 0x0000000704500000|  0%| F|  |TAMS 0x0000000704400000, 0x0000000704400000| Untracked 
|  55|0x0000000704500000, 0x0000000704500000, 0x0000000704600000|  0%| F|  |TAMS 0x0000000704500000, 0x0000000704500000| Untracked 
|  56|0x0000000704600000, 0x0000000704600000, 0x0000000704700000|  0%| F|  |TAMS 0x0000000704600000, 0x0000000704600000| Untracked 
|  57|0x0000000704700000, 0x0000000704700000, 0x0000000704800000|  0%| F|  |TAMS 0x0000000704700000, 0x0000000704700000| Untracked 
|  58|0x0000000704800000, 0x0000000704800000, 0x0000000704900000|  0%| F|  |TAMS 0x0000000704800000, 0x0000000704800000| Untracked 
|  59|0x0000000704900000, 0x0000000704900000, 0x0000000704a00000|  0%| F|  |TAMS 0x0000000704900000, 0x0000000704900000| Untracked 
|  60|0x0000000704a00000, 0x0000000704a00000, 0x0000000704b00000|  0%| F|  |TAMS 0x0000000704a00000, 0x0000000704a00000| Untracked 
|  61|0x0000000704b00000, 0x0000000704b00000, 0x0000000704c00000|  0%| F|  |TAMS 0x0000000704b00000, 0x0000000704b00000| Untracked 
|  62|0x0000000704c00000, 0x0000000704c00000, 0x0000000704d00000|  0%| F|  |TAMS 0x0000000704c00000, 0x0000000704c00000| Untracked 
|  63|0x0000000704d00000, 0x0000000704d00000, 0x0000000704e00000|  0%| F|  |TAMS 0x0000000704d00000, 0x0000000704d00000| Untracked 
|  64|0x0000000704e00000, 0x0000000704e00000, 0x0000000704f00000|  0%| F|  |TAMS 0x0000000704e00000, 0x0000000704e00000| Untracked 
|  65|0x0000000704f00000, 0x0000000704f00000, 0x0000000705000000|  0%| F|  |TAMS 0x0000000704f00000, 0x0000000704f00000| Untracked 
|  66|0x0000000705000000, 0x0000000705000000, 0x0000000705100000|  0%| F|  |TAMS 0x0000000705000000, 0x0000000705000000| Untracked 
|  67|0x0000000705100000, 0x0000000705100000, 0x0000000705200000|  0%| F|  |TAMS 0x0000000705100000, 0x0000000705100000| Untracked 
|  68|0x0000000705200000, 0x0000000705200000, 0x0000000705300000|  0%| F|  |TAMS 0x0000000705200000, 0x0000000705200000| Untracked 
|  69|0x0000000705300000, 0x0000000705300000, 0x0000000705400000|  0%| F|  |TAMS 0x0000000705300000, 0x0000000705300000| Untracked 
|  70|0x0000000705400000, 0x0000000705400000, 0x0000000705500000|  0%| F|  |TAMS 0x0000000705400000, 0x0000000705400000| Untracked 
|  71|0x0000000705500000, 0x0000000705500000, 0x0000000705600000|  0%| F|  |TAMS 0x0000000705500000, 0x0000000705500000| Untracked 
|  72|0x0000000705600000, 0x0000000705600000, 0x0000000705700000|  0%| F|  |TAMS 0x0000000705600000, 0x0000000705600000| Untracked 
|  73|0x0000000705700000, 0x0000000705700000, 0x0000000705800000|  0%| F|  |TAMS 0x0000000705700000, 0x0000000705700000| Untracked 
|  74|0x0000000705800000, 0x0000000705800000, 0x0000000705900000|  0%| F|  |TAMS 0x0000000705800000, 0x0000000705800000| Untracked 
|  75|0x0000000705900000, 0x0000000705900000, 0x0000000705a00000|  0%| F|  |TAMS 0x0000000705900000, 0x0000000705900000| Untracked 
|  76|0x0000000705a00000, 0x0000000705a00000, 0x0000000705b00000|  0%| F|  |TAMS 0x0000000705a00000, 0x0000000705a00000| Untracked 
|  77|0x0000000705b00000, 0x0000000705b00000, 0x0000000705c00000|  0%| F|  |TAMS 0x0000000705b00000, 0x0000000705b00000| Untracked 
|  78|0x0000000705c00000, 0x0000000705c00000, 0x0000000705d00000|  0%| F|  |TAMS 0x0000000705c00000, 0x0000000705c00000| Untracked 
|  79|0x0000000705d00000, 0x0000000705d00000, 0x0000000705e00000|  0%| F|  |TAMS 0x0000000705d00000, 0x0000000705d00000| Untracked 
|  80|0x0000000705e00000, 0x0000000705e00000, 0x0000000705f00000|  0%| F|  |TAMS 0x0000000705e00000, 0x0000000705e00000| Untracked 
|  81|0x0000000705f00000, 0x0000000705f00000, 0x0000000706000000|  0%| F|  |TAMS 0x0000000705f00000, 0x0000000705f00000| Untracked 
|  82|0x0000000706000000, 0x0000000706000000, 0x0000000706100000|  0%| F|  |TAMS 0x0000000706000000, 0x0000000706000000| Untracked 
|  83|0x0000000706100000, 0x0000000706100000, 0x0000000706200000|  0%| F|  |TAMS 0x0000000706100000, 0x0000000706100000| Untracked 
|  84|0x0000000706200000, 0x0000000706200000, 0x0000000706300000|  0%| F|  |TAMS 0x0000000706200000, 0x0000000706200000| Untracked 
|  85|0x0000000706300000, 0x0000000706300000, 0x0000000706400000|  0%| F|  |TAMS 0x0000000706300000, 0x0000000706300000| Untracked 
|  86|0x0000000706400000, 0x0000000706400000, 0x0000000706500000|  0%| F|  |TAMS 0x0000000706400000, 0x0000000706400000| Untracked 
|  87|0x0000000706500000, 0x0000000706500000, 0x0000000706600000|  0%| F|  |TAMS 0x0000000706500000, 0x0000000706500000| Untracked 
|  88|0x0000000706600000, 0x0000000706600000, 0x0000000706700000|  0%| F|  |TAMS 0x0000000706600000, 0x0000000706600000| Untracked 
|  89|0x0000000706700000, 0x0000000706700000, 0x0000000706800000|  0%| F|  |TAMS 0x0000000706700000, 0x0000000706700000| Untracked 
|  90|0x0000000706800000, 0x0000000706800000, 0x0000000706900000|  0%| F|  |TAMS 0x0000000706800000, 0x0000000706800000| Untracked 
|  91|0x0000000706900000, 0x0000000706900000, 0x0000000706a00000|  0%| F|  |TAMS 0x0000000706900000, 0x0000000706900000| Untracked 
|  92|0x0000000706a00000, 0x0000000706a00000, 0x0000000706b00000|  0%| F|  |TAMS 0x0000000706a00000, 0x0000000706a00000| Untracked 
|  93|0x0000000706b00000, 0x0000000706b00000, 0x0000000706c00000|  0%| F|  |TAMS 0x0000000706b00000, 0x0000000706b00000| Untracked 
|  94|0x0000000706c00000, 0x0000000706c00000, 0x0000000706d00000|  0%| F|  |TAMS 0x0000000706c00000, 0x0000000706c00000| Untracked 
|  95|0x0000000706d00000, 0x0000000706d00000, 0x0000000706e00000|  0%| F|  |TAMS 0x0000000706d00000, 0x0000000706d00000| Untracked 
|  96|0x0000000706e00000, 0x0000000706e00000, 0x0000000706f00000|  0%| F|  |TAMS 0x0000000706e00000, 0x0000000706e00000| Untracked 
|  97|0x0000000706f00000, 0x0000000706f00000, 0x0000000707000000|  0%| F|  |TAMS 0x0000000706f00000, 0x0000000706f00000| Untracked 
|  98|0x0000000707000000, 0x0000000707000000, 0x0000000707100000|  0%| F|  |TAMS 0x0000000707000000, 0x0000000707000000| Untracked 
|  99|0x0000000707100000, 0x0000000707100000, 0x0000000707200000|  0%| F|  |TAMS 0x0000000707100000, 0x0000000707100000| Untracked 
| 100|0x0000000707200000, 0x0000000707200000, 0x0000000707300000|  0%| F|  |TAMS 0x0000000707200000, 0x0000000707200000| Untracked 
| 101|0x0000000707300000, 0x0000000707300000, 0x0000000707400000|  0%| F|  |TAMS 0x0000000707300000, 0x0000000707300000| Untracked 
| 102|0x0000000707400000, 0x0000000707400000, 0x0000000707500000|  0%| F|  |TAMS 0x0000000707400000, 0x0000000707400000| Untracked 
| 103|0x0000000707500000, 0x0000000707500000, 0x0000000707600000|  0%| F|  |TAMS 0x0000000707500000, 0x0000000707500000| Untracked 
| 104|0x0000000707600000, 0x0000000707600000, 0x0000000707700000|  0%| F|  |TAMS 0x0000000707600000, 0x0000000707600000| Untracked 
| 105|0x0000000707700000, 0x0000000707700000, 0x0000000707800000|  0%| F|  |TAMS 0x0000000707700000, 0x0000000707700000| Untracked 
| 106|0x0000000707800000, 0x0000000707800000, 0x0000000707900000|  0%| F|  |TAMS 0x0000000707800000, 0x0000000707800000| Untracked 
| 107|0x0000000707900000, 0x0000000707900000, 0x0000000707a00000|  0%| F|  |TAMS 0x0000000707900000, 0x0000000707900000| Untracked 
| 108|0x0000000707a00000, 0x0000000707a00000, 0x0000000707b00000|  0%| F|  |TAMS 0x0000000707a00000, 0x0000000707a00000| Untracked 
| 109|0x0000000707b00000, 0x0000000707b00000, 0x0000000707c00000|  0%| F|  |TAMS 0x0000000707b00000, 0x0000000707b00000| Untracked 
| 110|0x0000000707c00000, 0x0000000707c00000, 0x0000000707d00000|  0%| F|  |TAMS 0x0000000707c00000, 0x0000000707c00000| Untracked 
| 111|0x0000000707d00000, 0x0000000707d00000, 0x0000000707e00000|  0%| F|  |TAMS 0x0000000707d00000, 0x0000000707d00000| Untracked 
| 112|0x0000000707e00000, 0x0000000707e00000, 0x0000000707f00000|  0%| F|  |TAMS 0x0000000707e00000, 0x0000000707e00000| Untracked 
| 113|0x0000000707f00000, 0x0000000707f00000, 0x0000000708000000|  0%| F|  |TAMS 0x0000000707f00000, 0x0000000707f00000| Untracked 
| 114|0x0000000708000000, 0x0000000708000000, 0x0000000708100000|  0%| F|  |TAMS 0x0000000708000000, 0x0000000708000000| Untracked 
| 115|0x0000000708100000, 0x0000000708100000, 0x0000000708200000|  0%| F|  |TAMS 0x0000000708100000, 0x0000000708100000| Untracked 
| 116|0x0000000708200000, 0x0000000708200000, 0x0000000708300000|  0%| F|  |TAMS 0x0000000708200000, 0x0000000708200000| Untracked 
| 117|0x0000000708300000, 0x0000000708300000, 0x0000000708400000|  0%| F|  |TAMS 0x0000000708300000, 0x0000000708300000| Untracked 
| 118|0x0000000708400000, 0x0000000708400000, 0x0000000708500000|  0%| F|  |TAMS 0x0000000708400000, 0x0000000708400000| Untracked 
| 119|0x0000000708500000, 0x0000000708500000, 0x0000000708600000|  0%| F|  |TAMS 0x0000000708500000, 0x0000000708500000| Untracked 
| 120|0x0000000708600000, 0x0000000708600000, 0x0000000708700000|  0%| F|  |TAMS 0x0000000708600000, 0x0000000708600000| Untracked 
| 121|0x0000000708700000, 0x0000000708700000, 0x0000000708800000|  0%| F|  |TAMS 0x0000000708700000, 0x0000000708700000| Untracked 
| 122|0x0000000708800000, 0x0000000708800000, 0x0000000708900000|  0%| F|  |TAMS 0x0000000708800000, 0x0000000708800000| Untracked 
| 123|0x0000000708900000, 0x0000000708900000, 0x0000000708a00000|  0%| F|  |TAMS 0x0000000708900000, 0x0000000708900000| Untracked 
| 124|0x0000000708a00000, 0x0000000708a00000, 0x0000000708b00000|  0%| F|  |TAMS 0x0000000708a00000, 0x0000000708a00000| Untracked 
| 125|0x0000000708b00000, 0x0000000708b00000, 0x0000000708c00000|  0%| F|  |TAMS 0x0000000708b00000, 0x0000000708b00000| Untracked 
| 126|0x0000000708c00000, 0x0000000708c00000, 0x0000000708d00000|  0%| F|  |TAMS 0x0000000708c00000, 0x0000000708c00000| Untracked 
| 127|0x0000000708d00000, 0x0000000708d00000, 0x0000000708e00000|  0%| F|  |TAMS 0x0000000708d00000, 0x0000000708d00000| Untracked 
| 128|0x0000000708e00000, 0x0000000708e00000, 0x0000000708f00000|  0%| F|  |TAMS 0x0000000708e00000, 0x0000000708e00000| Untracked 
| 129|0x0000000708f00000, 0x0000000708f00000, 0x0000000709000000|  0%| F|  |TAMS 0x0000000708f00000, 0x0000000708f00000| Untracked 
| 130|0x0000000709000000, 0x0000000709000000, 0x0000000709100000|  0%| F|  |TAMS 0x0000000709000000, 0x0000000709000000| Untracked 
| 131|0x0000000709100000, 0x0000000709100000, 0x0000000709200000|  0%| F|  |TAMS 0x0000000709100000, 0x0000000709100000| Untracked 
| 132|0x0000000709200000, 0x0000000709200000, 0x0000000709300000|  0%| F|  |TAMS 0x0000000709200000, 0x0000000709200000| Untracked 
| 133|0x0000000709300000, 0x0000000709300000, 0x0000000709400000|  0%| F|  |TAMS 0x0000000709300000, 0x0000000709300000| Untracked 
| 134|0x0000000709400000, 0x0000000709400000, 0x0000000709500000|  0%| F|  |TAMS 0x0000000709400000, 0x0000000709400000| Untracked 
| 135|0x0000000709500000, 0x0000000709500000, 0x0000000709600000|  0%| F|  |TAMS 0x0000000709500000, 0x0000000709500000| Untracked 
| 136|0x0000000709600000, 0x0000000709600000, 0x0000000709700000|  0%| F|  |TAMS 0x0000000709600000, 0x0000000709600000| Untracked 
| 137|0x0000000709700000, 0x0000000709700000, 0x0000000709800000|  0%| F|  |TAMS 0x0000000709700000, 0x0000000709700000| Untracked 
| 138|0x0000000709800000, 0x0000000709800000, 0x0000000709900000|  0%| F|  |TAMS 0x0000000709800000, 0x0000000709800000| Untracked 
| 139|0x0000000709900000, 0x0000000709900000, 0x0000000709a00000|  0%| F|  |TAMS 0x0000000709900000, 0x0000000709900000| Untracked 
| 140|0x0000000709a00000, 0x0000000709a00000, 0x0000000709b00000|  0%| F|  |TAMS 0x0000000709a00000, 0x0000000709a00000| Untracked 
| 141|0x0000000709b00000, 0x0000000709b00000, 0x0000000709c00000|  0%| F|  |TAMS 0x0000000709b00000, 0x0000000709b00000| Untracked 
| 142|0x0000000709c00000, 0x0000000709c00000, 0x0000000709d00000|  0%| F|  |TAMS 0x0000000709c00000, 0x0000000709c00000| Untracked 
| 143|0x0000000709d00000, 0x0000000709d00000, 0x0000000709e00000|  0%| F|  |TAMS 0x0000000709d00000, 0x0000000709d00000| Untracked 
| 144|0x0000000709e00000, 0x0000000709e00000, 0x0000000709f00000|  0%| F|  |TAMS 0x0000000709e00000, 0x0000000709e00000| Untracked 
| 145|0x0000000709f00000, 0x0000000709f00000, 0x000000070a000000|  0%| F|  |TAMS 0x0000000709f00000, 0x0000000709f00000| Untracked 
| 146|0x000000070a000000, 0x000000070a000000, 0x000000070a100000|  0%| F|  |TAMS 0x000000070a000000, 0x000000070a000000| Untracked 
| 147|0x000000070a100000, 0x000000070a100000, 0x000000070a200000|  0%| F|  |TAMS 0x000000070a100000, 0x000000070a100000| Untracked 
| 148|0x000000070a200000, 0x000000070a200000, 0x000000070a300000|  0%| F|  |TAMS 0x000000070a200000, 0x000000070a200000| Untracked 
| 149|0x000000070a300000, 0x000000070a300000, 0x000000070a400000|  0%| F|  |TAMS 0x000000070a300000, 0x000000070a300000| Untracked 
| 150|0x000000070a400000, 0x000000070a400000, 0x000000070a500000|  0%| F|  |TAMS 0x000000070a400000, 0x000000070a400000| Untracked 
| 151|0x000000070a500000, 0x000000070a500000, 0x000000070a600000|  0%| F|  |TAMS 0x000000070a500000, 0x000000070a500000| Untracked 
| 152|0x000000070a600000, 0x000000070a600000, 0x000000070a700000|  0%| F|  |TAMS 0x000000070a600000, 0x000000070a600000| Untracked 
| 153|0x000000070a700000, 0x000000070a700000, 0x000000070a800000|  0%| F|  |TAMS 0x000000070a700000, 0x000000070a700000| Untracked 
| 154|0x000000070a800000, 0x000000070a800000, 0x000000070a900000|  0%| F|  |TAMS 0x000000070a800000, 0x000000070a800000| Untracked 
| 155|0x000000070a900000, 0x000000070a900000, 0x000000070aa00000|  0%| F|  |TAMS 0x000000070a900000, 0x000000070a900000| Untracked 
| 156|0x000000070aa00000, 0x000000070aa00000, 0x000000070ab00000|  0%| F|  |TAMS 0x000000070aa00000, 0x000000070aa00000| Untracked 
| 157|0x000000070ab00000, 0x000000070ab00000, 0x000000070ac00000|  0%| F|  |TAMS 0x000000070ab00000, 0x000000070ab00000| Untracked 
| 158|0x000000070ac00000, 0x000000070ac00000, 0x000000070ad00000|  0%| F|  |TAMS 0x000000070ac00000, 0x000000070ac00000| Untracked 
| 159|0x000000070ad00000, 0x000000070ad00000, 0x000000070ae00000|  0%| F|  |TAMS 0x000000070ad00000, 0x000000070ad00000| Untracked 
| 160|0x000000070ae00000, 0x000000070ae00000, 0x000000070af00000|  0%| F|  |TAMS 0x000000070ae00000, 0x000000070ae00000| Untracked 
| 161|0x000000070af00000, 0x000000070af00000, 0x000000070b000000|  0%| F|  |TAMS 0x000000070af00000, 0x000000070af00000| Untracked 
| 162|0x000000070b000000, 0x000000070b000000, 0x000000070b100000|  0%| F|  |TAMS 0x000000070b000000, 0x000000070b000000| Untracked 
| 163|0x000000070b100000, 0x000000070b100000, 0x000000070b200000|  0%| F|  |TAMS 0x000000070b100000, 0x000000070b100000| Untracked 
| 164|0x000000070b200000, 0x000000070b200000, 0x000000070b300000|  0%| F|  |TAMS 0x000000070b200000, 0x000000070b200000| Untracked 
| 165|0x000000070b300000, 0x000000070b300000, 0x000000070b400000|  0%| F|  |TAMS 0x000000070b300000, 0x000000070b300000| Untracked 
| 166|0x000000070b400000, 0x000000070b400000, 0x000000070b500000|  0%| F|  |TAMS 0x000000070b400000, 0x000000070b400000| Untracked 
| 167|0x000000070b500000, 0x000000070b500000, 0x000000070b600000|  0%| F|  |TAMS 0x000000070b500000, 0x000000070b500000| Untracked 
| 168|0x000000070b600000, 0x000000070b600000, 0x000000070b700000|  0%| F|  |TAMS 0x000000070b600000, 0x000000070b600000| Untracked 
| 169|0x000000070b700000, 0x000000070b700000, 0x000000070b800000|  0%| F|  |TAMS 0x000000070b700000, 0x000000070b700000| Untracked 
| 170|0x000000070b800000, 0x000000070b800000, 0x000000070b900000|  0%| F|  |TAMS 0x000000070b800000, 0x000000070b800000| Untracked 
| 171|0x000000070b900000, 0x000000070b900000, 0x000000070ba00000|  0%| F|  |TAMS 0x000000070b900000, 0x000000070b900000| Untracked 
| 172|0x000000070ba00000, 0x000000070ba00000, 0x000000070bb00000|  0%| F|  |TAMS 0x000000070ba00000, 0x000000070ba00000| Untracked 
| 173|0x000000070bb00000, 0x000000070bb00000, 0x000000070bc00000|  0%| F|  |TAMS 0x000000070bb00000, 0x000000070bb00000| Untracked 
| 174|0x000000070bc00000, 0x000000070bc00000, 0x000000070bd00000|  0%| F|  |TAMS 0x000000070bc00000, 0x000000070bc00000| Untracked 
| 175|0x000000070bd00000, 0x000000070bd00000, 0x000000070be00000|  0%| F|  |TAMS 0x000000070bd00000, 0x000000070bd00000| Untracked 
| 176|0x000000070be00000, 0x000000070be00000, 0x000000070bf00000|  0%| F|  |TAMS 0x000000070be00000, 0x000000070be00000| Untracked 
| 177|0x000000070bf00000, 0x000000070bf00000, 0x000000070c000000|  0%| F|  |TAMS 0x000000070bf00000, 0x000000070bf00000| Untracked 
| 178|0x000000070c000000, 0x000000070c000000, 0x000000070c100000|  0%| F|  |TAMS 0x000000070c000000, 0x000000070c000000| Untracked 
| 179|0x000000070c100000, 0x000000070c100000, 0x000000070c200000|  0%| F|  |TAMS 0x000000070c100000, 0x000000070c100000| Untracked 
| 180|0x000000070c200000, 0x000000070c200000, 0x000000070c300000|  0%| F|  |TAMS 0x000000070c200000, 0x000000070c200000| Untracked 
| 181|0x000000070c300000, 0x000000070c300000, 0x000000070c400000|  0%| F|  |TAMS 0x000000070c300000, 0x000000070c300000| Untracked 
| 182|0x000000070c400000, 0x000000070c400000, 0x000000070c500000|  0%| F|  |TAMS 0x000000070c400000, 0x000000070c400000| Untracked 
| 183|0x000000070c500000, 0x000000070c500000, 0x000000070c600000|  0%| F|  |TAMS 0x000000070c500000, 0x000000070c500000| Untracked 
| 184|0x000000070c600000, 0x000000070c600000, 0x000000070c700000|  0%| F|  |TAMS 0x000000070c600000, 0x000000070c600000| Untracked 
| 185|0x000000070c700000, 0x000000070c700000, 0x000000070c800000|  0%| F|  |TAMS 0x000000070c700000, 0x000000070c700000| Untracked 
| 186|0x000000070c800000, 0x000000070c800000, 0x000000070c900000|  0%| F|  |TAMS 0x000000070c800000, 0x000000070c800000| Untracked 
| 187|0x000000070c900000, 0x000000070c900000, 0x000000070ca00000|  0%| F|  |TAMS 0x000000070c900000, 0x000000070c900000| Untracked 
| 188|0x000000070ca00000, 0x000000070ca00000, 0x000000070cb00000|  0%| F|  |TAMS 0x000000070ca00000, 0x000000070ca00000| Untracked 
| 189|0x000000070cb00000, 0x000000070cb00000, 0x000000070cc00000|  0%| F|  |TAMS 0x000000070cb00000, 0x000000070cb00000| Untracked 
| 190|0x000000070cc00000, 0x000000070cc00000, 0x000000070cd00000|  0%| F|  |TAMS 0x000000070cc00000, 0x000000070cc00000| Untracked 
| 191|0x000000070cd00000, 0x000000070cd00000, 0x000000070ce00000|  0%| F|  |TAMS 0x000000070cd00000, 0x000000070cd00000| Untracked 
| 192|0x000000070ce00000, 0x000000070ce00000, 0x000000070cf00000|  0%| F|  |TAMS 0x000000070ce00000, 0x000000070ce00000| Untracked 
| 193|0x000000070cf00000, 0x000000070cf00000, 0x000000070d000000|  0%| F|  |TAMS 0x000000070cf00000, 0x000000070cf00000| Untracked 
| 194|0x000000070d000000, 0x000000070d000000, 0x000000070d100000|  0%| F|  |TAMS 0x000000070d000000, 0x000000070d000000| Untracked 
| 195|0x000000070d100000, 0x000000070d100000, 0x000000070d200000|  0%| F|  |TAMS 0x000000070d100000, 0x000000070d100000| Untracked 
| 196|0x000000070d200000, 0x000000070d200000, 0x000000070d300000|  0%| F|  |TAMS 0x000000070d200000, 0x000000070d200000| Untracked 
| 197|0x000000070d300000, 0x000000070d300000, 0x000000070d400000|  0%| F|  |TAMS 0x000000070d300000, 0x000000070d300000| Untracked 
| 198|0x000000070d400000, 0x000000070d400000, 0x000000070d500000|  0%| F|  |TAMS 0x000000070d400000, 0x000000070d400000| Untracked 
| 199|0x000000070d500000, 0x000000070d500000, 0x000000070d600000|  0%| F|  |TAMS 0x000000070d500000, 0x000000070d500000| Untracked 
| 200|0x000000070d600000, 0x000000070d600000, 0x000000070d700000|  0%| F|  |TAMS 0x000000070d600000, 0x000000070d600000| Untracked 
| 201|0x000000070d700000, 0x000000070d700000, 0x000000070d800000|  0%| F|  |TAMS 0x000000070d700000, 0x000000070d700000| Untracked 
| 202|0x000000070d800000, 0x000000070d800000, 0x000000070d900000|  0%| F|  |TAMS 0x000000070d800000, 0x000000070d800000| Untracked 
| 203|0x000000070d900000, 0x000000070d900000, 0x000000070da00000|  0%| F|  |TAMS 0x000000070d900000, 0x000000070d900000| Untracked 
| 204|0x000000070da00000, 0x000000070da00000, 0x000000070db00000|  0%| F|  |TAMS 0x000000070da00000, 0x000000070da00000| Untracked 
| 205|0x000000070db00000, 0x000000070db00000, 0x000000070dc00000|  0%| F|  |TAMS 0x000000070db00000, 0x000000070db00000| Untracked 
| 206|0x000000070dc00000, 0x000000070dc00000, 0x000000070dd00000|  0%| F|  |TAMS 0x000000070dc00000, 0x000000070dc00000| Untracked 
| 207|0x000000070dd00000, 0x000000070dd00000, 0x000000070de00000|  0%| F|  |TAMS 0x000000070dd00000, 0x000000070dd00000| Untracked 
| 208|0x000000070de00000, 0x000000070de00000, 0x000000070df00000|  0%| F|  |TAMS 0x000000070de00000, 0x000000070de00000| Untracked 
| 209|0x000000070df00000, 0x000000070df00000, 0x000000070e000000|  0%| F|  |TAMS 0x000000070df00000, 0x000000070df00000| Untracked 
| 210|0x000000070e000000, 0x000000070e000000, 0x000000070e100000|  0%| F|  |TAMS 0x000000070e000000, 0x000000070e000000| Untracked 
| 211|0x000000070e100000, 0x000000070e100000, 0x000000070e200000|  0%| F|  |TAMS 0x000000070e100000, 0x000000070e100000| Untracked 
| 212|0x000000070e200000, 0x000000070e200000, 0x000000070e300000|  0%| F|  |TAMS 0x000000070e200000, 0x000000070e200000| Untracked 
| 213|0x000000070e300000, 0x000000070e300000, 0x000000070e400000|  0%| F|  |TAMS 0x000000070e300000, 0x000000070e300000| Untracked 
| 214|0x000000070e400000, 0x000000070e400000, 0x000000070e500000|  0%| F|  |TAMS 0x000000070e400000, 0x000000070e400000| Untracked 
| 215|0x000000070e500000, 0x000000070e500000, 0x000000070e600000|  0%| F|  |TAMS 0x000000070e500000, 0x000000070e500000| Untracked 
| 216|0x000000070e600000, 0x000000070e600000, 0x000000070e700000|  0%| F|  |TAMS 0x000000070e600000, 0x000000070e600000| Untracked 
| 217|0x000000070e700000, 0x000000070e700000, 0x000000070e800000|  0%| F|  |TAMS 0x000000070e700000, 0x000000070e700000| Untracked 
| 218|0x000000070e800000, 0x000000070e800000, 0x000000070e900000|  0%| F|  |TAMS 0x000000070e800000, 0x000000070e800000| Untracked 
| 219|0x000000070e900000, 0x000000070e900000, 0x000000070ea00000|  0%| F|  |TAMS 0x000000070e900000, 0x000000070e900000| Untracked 
| 220|0x000000070ea00000, 0x000000070ea00000, 0x000000070eb00000|  0%| F|  |TAMS 0x000000070ea00000, 0x000000070ea00000| Untracked 
| 221|0x000000070eb00000, 0x000000070eb00000, 0x000000070ec00000|  0%| F|  |TAMS 0x000000070eb00000, 0x000000070eb00000| Untracked 
| 222|0x000000070ec00000, 0x000000070ec00000, 0x000000070ed00000|  0%| F|  |TAMS 0x000000070ec00000, 0x000000070ec00000| Untracked 
| 223|0x000000070ed00000, 0x000000070ed00000, 0x000000070ee00000|  0%| F|  |TAMS 0x000000070ed00000, 0x000000070ed00000| Untracked 
| 224|0x000000070ee00000, 0x000000070ee00000, 0x000000070ef00000|  0%| F|  |TAMS 0x000000070ee00000, 0x000000070ee00000| Untracked 
| 225|0x000000070ef00000, 0x000000070ef00000, 0x000000070f000000|  0%| F|  |TAMS 0x000000070ef00000, 0x000000070ef00000| Untracked 
| 226|0x000000070f000000, 0x000000070f000000, 0x000000070f100000|  0%| F|  |TAMS 0x000000070f000000, 0x000000070f000000| Untracked 
| 227|0x000000070f100000, 0x000000070f100000, 0x000000070f200000|  0%| F|  |TAMS 0x000000070f100000, 0x000000070f100000| Untracked 
| 228|0x000000070f200000, 0x000000070f200000, 0x000000070f300000|  0%| F|  |TAMS 0x000000070f200000, 0x000000070f200000| Untracked 
| 229|0x000000070f300000, 0x000000070f300000, 0x000000070f400000|  0%| F|  |TAMS 0x000000070f300000, 0x000000070f300000| Untracked 
| 230|0x000000070f400000, 0x000000070f400000, 0x000000070f500000|  0%| F|  |TAMS 0x000000070f400000, 0x000000070f400000| Untracked 
| 231|0x000000070f500000, 0x000000070f500000, 0x000000070f600000|  0%| F|  |TAMS 0x000000070f500000, 0x000000070f500000| Untracked 
| 232|0x000000070f600000, 0x000000070f600000, 0x000000070f700000|  0%| F|  |TAMS 0x000000070f600000, 0x000000070f600000| Untracked 
| 233|0x000000070f700000, 0x000000070f700000, 0x000000070f800000|  0%| F|  |TAMS 0x000000070f700000, 0x000000070f700000| Untracked 
| 234|0x000000070f800000, 0x000000070f800000, 0x000000070f900000|  0%| F|  |TAMS 0x000000070f800000, 0x000000070f800000| Untracked 
| 235|0x000000070f900000, 0x000000070f900000, 0x000000070fa00000|  0%| F|  |TAMS 0x000000070f900000, 0x000000070f900000| Untracked 
| 236|0x000000070fa00000, 0x000000070fa00000, 0x000000070fb00000|  0%| F|  |TAMS 0x000000070fa00000, 0x000000070fa00000| Untracked 
| 237|0x000000070fb00000, 0x000000070fb00000, 0x000000070fc00000|  0%| F|  |TAMS 0x000000070fb00000, 0x000000070fb00000| Untracked 
| 238|0x000000070fc00000, 0x000000070fc00000, 0x000000070fd00000|  0%| F|  |TAMS 0x000000070fc00000, 0x000000070fc00000| Untracked 
| 239|0x000000070fd00000, 0x000000070fd00000, 0x000000070fe00000|  0%| F|  |TAMS 0x000000070fd00000, 0x000000070fd00000| Untracked 
| 240|0x000000070fe00000, 0x000000070fe00000, 0x000000070ff00000|  0%| F|  |TAMS 0x000000070fe00000, 0x000000070fe00000| Untracked 
| 241|0x000000070ff00000, 0x000000070ff00000, 0x0000000710000000|  0%| F|  |TAMS 0x000000070ff00000, 0x000000070ff00000| Untracked 
| 242|0x0000000710000000, 0x0000000710000000, 0x0000000710100000|  0%| F|  |TAMS 0x0000000710000000, 0x0000000710000000| Untracked 
| 243|0x0000000710100000, 0x0000000710100000, 0x0000000710200000|  0%| F|  |TAMS 0x0000000710100000, 0x0000000710100000| Untracked 
| 244|0x0000000710200000, 0x0000000710200000, 0x0000000710300000|  0%| F|  |TAMS 0x0000000710200000, 0x0000000710200000| Untracked 
| 245|0x0000000710300000, 0x0000000710300000, 0x0000000710400000|  0%| F|  |TAMS 0x0000000710300000, 0x0000000710300000| Untracked 
| 246|0x0000000710400000, 0x0000000710400000, 0x0000000710500000|  0%| F|  |TAMS 0x0000000710400000, 0x0000000710400000| Untracked 
| 247|0x0000000710500000, 0x0000000710500000, 0x0000000710600000|  0%| F|  |TAMS 0x0000000710500000, 0x0000000710500000| Untracked 
| 248|0x0000000710600000, 0x0000000710600000, 0x0000000710700000|  0%| F|  |TAMS 0x0000000710600000, 0x0000000710600000| Untracked 
| 249|0x0000000710700000, 0x0000000710700000, 0x0000000710800000|  0%| F|  |TAMS 0x0000000710700000, 0x0000000710700000| Untracked 
| 250|0x0000000710800000, 0x00000007108d8540, 0x0000000710900000| 84%| E|  |TAMS 0x0000000710800000, 0x0000000710800000| Complete 
| 251|0x0000000710900000, 0x0000000710a00000, 0x0000000710a00000|100%| E|CS|TAMS 0x0000000710900000, 0x0000000710900000| Complete 
| 252|0x0000000710a00000, 0x0000000710b00000, 0x0000000710b00000|100%| E|CS|TAMS 0x0000000710a00000, 0x0000000710a00000| Complete 
| 253|0x0000000710b00000, 0x0000000710c00000, 0x0000000710c00000|100%| E|CS|TAMS 0x0000000710b00000, 0x0000000710b00000| Complete 
| 254|0x0000000710c00000, 0x0000000710d00000, 0x0000000710d00000|100%| E|CS|TAMS 0x0000000710c00000, 0x0000000710c00000| Complete 
| 255|0x0000000710d00000, 0x0000000710e00000, 0x0000000710e00000|100%| E|CS|TAMS 0x0000000710d00000, 0x0000000710d00000| Complete 

Card table byte_map: [0x000002564a650000,0x000002564ae50000] _byte_map_base: 0x0000025646e49000

Marking Bits (Prev, Next): (CMBitMap*) 0x0000025630c8eb48, (CMBitMap*) 0x0000025630c8eb88
 Prev Bits: [0x000002564b650000, 0x000002564f618000)
 Next Bits: [0x000002564f620000, 0x00000256535e8000)

Polling page: 0x0000025630d00000

Metaspace:

Usage:
  Non-class:      4.45 MB capacity,     2.58 MB ( 58%) used,     1.87 MB ( 42%) free+waste,     4.31 KB ( <1%) overhead. 
      Class:    457.00 KB capacity,   276.94 KB ( 61%) used,   177.69 KB ( 39%) free+waste,     2.38 KB ( <1%) overhead. 
       Both:      4.90 MB capacity,     2.85 MB ( 58%) used,     2.04 MB ( 42%) free+waste,     6.69 KB ( <1%) overhead. 

Virtual space:
  Non-class space:        8.00 MB reserved,       4.50 MB ( 56%) committed 
      Class space:        1.00 GB reserved,     512.00 KB ( <1%) committed 
             Both:        1.01 GB reserved,       5.00 MB ( <1%) committed 

Chunk freelists:
   Non-Class:  6.38 KB
       Class:  0 bytes
        Both:  6.38 KB

CodeHeap 'non-profiled nmethods': size=120064Kb used=142Kb max_used=142Kb free=119921Kb
 bounds [0x00000256422f0000, 0x0000025642560000, 0x0000025649830000]
CodeHeap 'profiled nmethods': size=120000Kb used=710Kb max_used=750Kb free=119289Kb
 bounds [0x000002563adc0000, 0x000002563b030000, 0x00000256422f0000]
CodeHeap 'non-nmethods': size=5696Kb used=1166Kb max_used=1181Kb free=4529Kb
 bounds [0x000002563a830000, 0x000002563aaa0000, 0x000002563adc0000]
 total_blobs=960 nmethods=443 adapters=284
 compilation: enabled
              stopped_count=0, restarted_count=0
 full_count=0

Compilation events (10 events):
Event: 1157.643 Thread 0x0000025655cb1800  477       1       org.eclipse.jdt.launching.internal.org.objectweb.asm.SymbolTable::getMajorVersion (5 bytes)
Event: 1157.643 Thread 0x0000025655cb1800 nmethod 477 0x0000025642313290 code [0x0000025642313440, 0x0000025642313578]
Event: 1282.216 Thread 0x0000025655cb1800  478       1       java.net.URL::getAuthority (5 bytes)
Event: 1282.216 Thread 0x0000025655cb1800 nmethod 478 0x0000025642313610 code [0x00000256423137c0, 0x00000256423138f8]
Event: 1282.216 Thread 0x0000025655cb1800  479       1       java.net.URL::getQuery (5 bytes)
Event: 1282.216 Thread 0x0000025655cb1800 nmethod 479 0x0000025642313990 code [0x0000025642313b40, 0x0000025642313c78]
Event: 1282.217 Thread 0x0000025655cb1800  480       3       org.eclipse.jdt.launching.internal.org.objectweb.asm.MethodWriter::visitFieldInsn (258 bytes)
Event: 1282.218 Thread 0x0000025655cb1800 nmethod 480 0x000002563addbc90 code [0x000002563addbf20, 0x000002563addcc30]
Event: 1282.219 Thread 0x0000025655cb1800  481       3       org.eclipse.jdt.launching.internal.org.objectweb.asm.MethodWriter::visitJumpInsn (495 bytes)
Event: 1282.221 Thread 0x0000025655cb1800 nmethod 481 0x000002563ae7f210 code [0x000002563ae7f5a0, 0x000002563ae80af0]

GC Heap History (0 events):
No events

Deoptimization events (2 events):
Event: 0.231 Thread 0x0000025630c27800 Uncommon trap: reason=unstable_if action=reinterpret pc=0x00000256422fd95c method=java.util.HashMap.putVal(ILjava/lang/Object;Ljava/lang/Object;ZZ)Ljava/lang/Object; @ 181 c2
Event: 0.304 Thread 0x0000025630c27800 Uncommon trap: reason=unstable_if action=reinterpret pc=0x00000256422fe9ac method=java.lang.String.isLatin1()Z @ 10 c2

Classes redefined (10 events):
Event: 1007.617 Thread 0x0000025655c87000 redefined class name=Poll, count=23
Event: 1024.771 Thread 0x0000025655c87000 redefined class name=Poll, count=24
Event: 1035.812 Thread 0x0000025655c87000 redefined class name=Poll, count=25
Event: 1044.800 Thread 0x0000025655c87000 redefined class name=Poll, count=26
Event: 1059.722 Thread 0x0000025655c87000 redefined class name=Poll, count=27
Event: 1068.993 Thread 0x0000025655c87000 redefined class name=Poll, count=28
Event: 1077.653 Thread 0x0000025655c87000 redefined class name=Poll, count=29
Event: 1157.644 Thread 0x0000025655c87000 redefined class name=Poll, count=30
Event: 1282.221 Thread 0x0000025655c87000 redefined class name=Poll, count=31
Event: 1431.992 Thread 0x0000025655c87000 redefined class name=Poll, count=32

Internal exceptions (1 events):
Event: 0.347 Thread 0x0000025630c27800 Exception <a 'java/lang/NoSuchMethodError'{0x00000007109815f0}: java.lang.invoke.DirectMethodHandle$Holder.invokeSpecialIFC(Ljava/lang/Object;Ljava/lang/Object;I)I> (0x00000007109815f0) thrown at [t:/workspace/open/src/hotspot/share/interpreter/linkResolv

Events (10 events):
Event: 1431.997 Executing VM operation: GetStackTrace
Event: 1431.997 Executing VM operation: GetStackTrace done
Event: 1432.458 Thread 0x0000025656701000 Thread exited: 0x0000025656701000
Event: 1432.473 Executing VM operation: ChangeBreakpoints
Event: 1432.473 Executing VM operation: ChangeBreakpoints done
Event: 1432.475 Executing VM operation: ChangeBreakpoints
Event: 1432.476 Executing VM operation: ChangeBreakpoints done
Event: 1432.477 Executing VM operation: ChangeBreakpoints
Event: 1432.477 Executing VM operation: ChangeBreakpoints done
Event: 1432.479 Thread 0x000002565675f800 Thread exited: 0x000002565675f800


Dynamic libraries:
0x00007ff774d90000 - 0x00007ff774d9d000 	C:\java\jdk-12.0.2\bin\javaw.exe
0x00007fffcb750000 - 0x00007fffcb931000 	C:\WINDOWS\SYSTEM32\ntdll.dll
0x00007fffc8cc0000 - 0x00007fffc8d71000 	C:\WINDOWS\System32\KERNEL32.DLL
0x00007fffc7e80000 - 0x00007fffc80f3000 	C:\WINDOWS\System32\KERNELBASE.dll
0x00007fffc7b10000 - 0x00007fffc7c08000 	C:\WINDOWS\System32\ucrtbase.dll
0x00007fffb3590000 - 0x00007fffb35a7000 	C:\java\jdk-12.0.2\bin\jli.dll
0x00007fffa9400000 - 0x00007fffa9416000 	C:\java\jdk-12.0.2\bin\VCRUNTIME140.dll
0x00007fffca750000 - 0x00007fffca8e0000 	C:\WINDOWS\System32\USER32.dll
0x00007fffb1ae0000 - 0x00007fffb1d49000 	C:\WINDOWS\WinSxS\amd64_microsoft.windows.common-controls_6595b64144ccf1df_6.0.17134.1006_none_d3fbb8f77c940c3f\COMCTL32.dll
0x00007fffcb240000 - 0x00007fffcb2de000 	C:\WINDOWS\System32\msvcrt.dll
0x00007fffc7c10000 - 0x00007fffc7c30000 	C:\WINDOWS\System32\win32u.dll
0x00007fffcae10000 - 0x00007fffcb131000 	C:\WINDOWS\System32\combase.dll
0x00007fffca620000 - 0x00007fffca744000 	C:\WINDOWS\System32\RPCRT4.dll
0x00007fffc8100000 - 0x00007fffc8179000 	C:\WINDOWS\System32\bcryptPrimitives.dll
0x00007fffcade0000 - 0x00007fffcae08000 	C:\WINDOWS\System32\GDI32.dll
0x00007fffc7c80000 - 0x00007fffc7e11000 	C:\WINDOWS\System32\gdi32full.dll
0x00007fffc8b30000 - 0x00007fffc8bcf000 	C:\WINDOWS\System32\msvcp_win.dll
0x00007fffcada0000 - 0x00007fffcadcd000 	C:\WINDOWS\System32\IMM32.DLL
0x00007fff7dcc0000 - 0x00007fff7dd6a000 	C:\java\jdk-12.0.2\bin\msvcp140.dll
0x00007fff32bc0000 - 0x00007fff33736000 	C:\java\jdk-12.0.2\bin\server\jvm.dll
0x00007fffcb460000 - 0x00007fffcb501000 	C:\WINDOWS\System32\ADVAPI32.dll
0x00007fffca560000 - 0x00007fffca5bb000 	C:\WINDOWS\System32\sechost.dll
0x00007fffcadd0000 - 0x00007fffcadd8000 	C:\WINDOWS\System32\PSAPI.DLL
0x00007fffbd310000 - 0x00007fffbd319000 	C:\WINDOWS\SYSTEM32\WSOCK32.dll
0x00007fffb5d90000 - 0x00007fffb5db3000 	C:\WINDOWS\SYSTEM32\WINMM.dll
0x00007fffc2f10000 - 0x00007fffc2f1a000 	C:\WINDOWS\SYSTEM32\VERSION.dll
0x00007fffcad30000 - 0x00007fffcad9c000 	C:\WINDOWS\System32\WS2_32.dll
0x00007fffb5cf0000 - 0x00007fffb5d1a000 	C:\WINDOWS\SYSTEM32\winmmbase.dll
0x00007fffc7c30000 - 0x00007fffc7c79000 	C:\WINDOWS\System32\cfgmgr32.dll
0x00007fffc7ac0000 - 0x00007fffc7ad1000 	C:\WINDOWS\System32\kernel.appcore.dll
0x00007fffa9040000 - 0x00007fffa9051000 	C:\java\jdk-12.0.2\bin\verify.dll
0x00007fffb5e00000 - 0x00007fffb5fc9000 	C:\WINDOWS\SYSTEM32\DBGHELP.DLL
0x00007fffb4080000 - 0x00007fffb40a9000 	C:\WINDOWS\SYSTEM32\dbgcore.DLL
0x00007fff94580000 - 0x00007fff945a6000 	C:\java\jdk-12.0.2\bin\java.dll
0x00007fff80660000 - 0x00007fff80698000 	C:\java\jdk-12.0.2\bin\jdwp.dll
0x00007fffb32e0000 - 0x00007fffb32ee000 	C:\java\jdk-12.0.2\bin\instrument.dll
0x00007fffa88c0000 - 0x00007fffa88d7000 	C:\java\jdk-12.0.2\bin\zip.dll
0x00007fffc2d90000 - 0x00007fffc2d9a000 	C:\java\jdk-12.0.2\bin\jimage.dll
0x00007fffc8da0000 - 0x00007fffca1e2000 	C:\WINDOWS\System32\SHELL32.dll
0x00007fffcb510000 - 0x00007fffcb5b9000 	C:\WINDOWS\System32\shcore.dll
0x00007fffc8420000 - 0x00007fffc8b2e000 	C:\WINDOWS\System32\windows.storage.dll
0x00007fffca5c0000 - 0x00007fffca611000 	C:\WINDOWS\System32\shlwapi.dll
0x00007fffc7af0000 - 0x00007fffc7b0f000 	C:\WINDOWS\System32\profapi.dll
0x00007fffc7a70000 - 0x00007fffc7abc000 	C:\WINDOWS\System32\powrprof.dll
0x00007fffc7ae0000 - 0x00007fffc7aea000 	C:\WINDOWS\System32\FLTLIB.DLL
0x00007fffb2ec0000 - 0x00007fffb2eca000 	C:\java\jdk-12.0.2\bin\dt_socket.dll
0x00007fffc7280000 - 0x00007fffc72e6000 	C:\WINDOWS\System32\mswsock.dll
0x00007fffc7020000 - 0x00007fffc70de000 	C:\WINDOWS\SYSTEM32\DNSAPI.dll
0x00007fffca250000 - 0x00007fffca258000 	C:\WINDOWS\System32\NSI.dll
0x00007fffc6fe0000 - 0x00007fffc7018000 	C:\WINDOWS\SYSTEM32\IPHLPAPI.DLL
0x00007fffc3110000 - 0x00007fffc3182000 	C:\WINDOWS\System32\fwpuclnt.dll
0x00007fffc75b0000 - 0x00007fffc75d5000 	C:\WINDOWS\SYSTEM32\bcrypt.dll
0x00007fffc2bb0000 - 0x00007fffc2bba000 	C:\Windows\System32\rasadhlp.dll
0x00007fffb1d50000 - 0x00007fffb1d69000 	C:\java\jdk-12.0.2\bin\net.dll
0x00007fffc41b0000 - 0x00007fffc428d000 	C:\WINDOWS\SYSTEM32\WINHTTP.dll
0x00007fffc1750000 - 0x00007fffc191a000 	C:\WINDOWS\SYSTEM32\urlmon.dll
0x00007fffbf8e0000 - 0x00007fffbfb87000 	C:\WINDOWS\SYSTEM32\iertutil.dll
0x00007fffc73e0000 - 0x00007fffc73eb000 	C:\WINDOWS\SYSTEM32\CRYPTBASE.DLL
0x00007fffa9380000 - 0x00007fffa9393000 	C:\java\jdk-12.0.2\bin\nio.dll

dbghelp: loaded successfully - version: 4.0.5 - missing functions: none
symbol engine: initialized successfully - sym options: 0x614 - pdb path: .;C:\java\jdk-12.0.2\bin;C:\WINDOWS\SYSTEM32;C:\WINDOWS\WinSxS\amd64_microsoft.windows.common-controls_6595b64144ccf1df_6.0.17134.1006_none_d3fbb8f77c940c3f;C:\java\jdk-12.0.2\bin\server

VM Arguments:
jvm_args: -agentlib:jdwp=transport=dt_socket,suspend=y,address=localhost:18873 -javaagent:C:\Users\James\eclipse\java-latest-released\eclipse\configuration\org.eclipse.osgi\616\0\.cp\lib\javaagent-shaded.jar -Dfile.encoding=Cp1252 
java_command: Poll
java_class_path (initial): C:\Users\James\Desktop\Fall 19 Classes\Java\cop3330\Programming Assignment 2\bin
Launcher Type: SUN_STANDARD

[Global flags]
     intx CICompilerCount                          = 3                                         {product} {ergonomic}
     uint ConcGCThreads                            = 1                                         {product} {ergonomic}
     uint G1ConcRefinementThreads                  = 4                                         {product} {ergonomic}
   size_t G1HeapRegionSize                         = 1048576                                   {product} {ergonomic}
    uintx GCDrainStackTargetSize                   = 64                                        {product} {ergonomic}
   size_t InitialHeapSize                          = 268435456                                 {product} {ergonomic}
   size_t MarkStackSize                            = 4194304                                   {product} {ergonomic}
   size_t MaxHeapSize                              = 4280287232                                {product} {ergonomic}
   size_t MaxNewSize                               = 2567962624                                {product} {ergonomic}
   size_t MinHeapDeltaBytes                        = 1048576                                   {product} {ergonomic}
    uintx NonNMethodCodeHeapSize                   = 5830732                                {pd product} {ergonomic}
    uintx NonProfiledCodeHeapSize                  = 122913754                              {pd product} {ergonomic}
    uintx ProfiledCodeHeapSize                     = 122913754                              {pd product} {ergonomic}
    uintx ReservedCodeCacheSize                    = 251658240                              {pd product} {ergonomic}
     bool SegmentedCodeCache                       = true                                      {product} {ergonomic}
     bool UseCompressedClassPointers               = true                                 {lp64_product} {ergonomic}
     bool UseCompressedOops                        = true                                 {lp64_product} {ergonomic}
     bool UseG1GC                                  = true                                      {product} {ergonomic}
     bool UseLargePagesIndividualAllocation        = false                                  {pd product} {ergonomic}

Logging:
Log output configuration:
 #0: stdout all=warning uptime,level,tags
 #1: stderr all=off uptime,level,tags

Environment Variables:
PATH=C:/java/jdk-12.0.2/bin/server;C:/java/jdk-12.0.2/bin;C:\ProgramData\DockerDesktop\version-bin;C:\Program Files\Docker\Docker\Resources\bin;C:\Program Files (x86)\NVIDIA Corporation\PhysX\Common;D:\Oculus\Support\oculus-runtime;C:\ProgramData\Anaconda3;C:\ProgramData\Anaconda3\Library\mingw-w64\bin;C:\ProgramData\Anaconda3\Library\bin;C:\ProgramData\Anaconda3\Scripts;F:\MSC Nastran\Patran\bin;C:\Program Files (x86)\Razer Chroma SDK\bin;C:\Program Files\Razer Chroma SDK\bin;C:\WINDOWS\system32;C:\WINDOWS;C:\WINDOWS\System32\Wbem;C:\WINDOWS\System32\WindowsPowerShell\v1.0\;C:\Program Files\Microsoft SQL Server\Client SDK\ODBC\110\Tools\Binn\;C:\Program Files (x86)\Microsoft SQL Server\120\Tools\Binn\;C:\Program Files\Microsoft SQL Server\120\Tools\Binn\;C:\Program Files\Microsoft SQL Server\120\DTS\Binn\;C:\Program Files (x86)\Windows Kits\8.1\Windows Performance Toolkit\;C:\Program Files (x86)\AMD APP SDK\3.0\bin\x86_64;C:\Program Files (x86)\AMD APP SDK\3.0\bin\x86;F:\Matlab\bin;C:\WINDOWS\system32;C:\WINDOWS;C:\WINDOWS\System32\Wbem;C:\WINDOWS\System32\WindowsPowerShell\v1.0\;C:\WINDOWS\System32\OpenSSH\;C:\Program Files\Git\cmd;C:\java\jdk-12.0.2\bin;C:\Users\James\gradle-5.6.1\bin;C:\Users\James\AppData\Local\Microsoft\WindowsApps;C:\Users\James\AppData\Local\GitHubDesktop\bin;C:\Users\James\AppData\Local\atom\bin;;C:\WINDOWS\system32;
USERNAME=James
OS=Windows_NT
PROCESSOR_IDENTIFIER=Intel64 Family 6 Model 60 Stepping 3, GenuineIntel



---------------  S Y S T E M  ---------------

OS: Windows 10 , 64 bit Build 17134 (10.0.17134.753)

CPU:total 4 (initial active 4) (4 cores per cpu, 1 threads per core) family 6 model 60 stepping 3, cmov, cx8, fxsr, mmx, sse, sse2, sse3, ssse3, sse4.1, sse4.2, popcnt, avx, avx2, aes, clmul, erms, lzcnt, tsc, tscinvbit, bmi1, bmi2, fma

Memory: 4k page, system-wide physical 16325M (5490M free)
TotalPageFile size 22601M (AvailPageFile size 2483M)
current process WorkingSet (physical memory assigned to process): 44M, peak: 45M
current process commit charge ("private bytes"): 347M, peak: 349M

vm_info: OpenJDK 64-Bit Server VM (12.0.2+10) for windows-amd64 JRE (12.0.2+10), built on Jul 16 2019 01:56:05 by "mach5one" with MS VC++ 15.5 (VS2017)

END.
